<?xml version="1.0" encoding="UTF-8"?>
<!-- Generated by org.testng.reporters.JUnitReportReporter -->
<testsuite hostname="bhagyak" failures="0" tests="1" name="testcases.BankManagerLoginTest" time="0.881" errors="0" timestamp="2024-12-31T15:00:34 IST" skipped="0">
  <testcase classname="testcases.BankManagerLoginTest" name="doBankManagerLogin" time="0.881"/>
</testsuite> <!-- testcases.BankManagerLoginTest -->
