<?xml version="1.0" encoding="UTF-8"?>
<!-- Generated by org.testng.reporters.JUnitReportReporter -->
<testsuite hostname="bhagyak" failures="0" tests="3" name="testcases.OpenAccountTest" time="1.309" errors="0" timestamp="2025-01-03T16:15:47 IST" skipped="0">
  <testcase classname="testcases.OpenAccountTest" name="openAccount" time="0.345"/>
  <testcase classname="testcases.OpenAccountTest" name="openAccount" time="0.329"/>
  <testcase classname="testcases.OpenAccountTest" name="openAccount" time="0.635"/>
</testsuite> <!-- testcases.OpenAccountTest -->
