<?xml version="1.0" encoding="UTF-8"?>
<!-- Generated by org.testng.reporters.JUnitReportReporter -->
<testsuite hostname="bhagyak" failures="0" tests="3" name="testcases.OpenAccountTest" time="2.806" errors="0" timestamp="2024-12-31T15:00:34 IST" skipped="0">
  <testcase classname="testcases.OpenAccountTest" name="openAccount" time="1.030"/>
  <testcase classname="testcases.OpenAccountTest" name="openAccount" time="0.584"/>
  <testcase classname="testcases.OpenAccountTest" name="openAccount" time="1.192"/>
</testsuite> <!-- testcases.OpenAccountTest -->
