<?xml version="1.0" encoding="UTF-8"?>
<!-- Generated by org.testng.reporters.JUnitReportReporter -->
<testsuite hostname="bhagyak" failures="0" tests="1" name="testcases.BankManagerLoginTest" time="0.842" errors="0" timestamp="2025-01-03T16:15:47 IST" skipped="0">
  <testcase classname="testcases.BankManagerLoginTest" name="doBankManagerLogin" time="0.842"/>
</testsuite> <!-- testcases.BankManagerLoginTest -->
