<?xml version="1.0" encoding="UTF-8"?>
<!-- Generated by org.testng.reporters.JUnitReportReporter -->
<testsuite hostname="bhagyak" failures="0" tests="3" name="testcases.AddCustomer" time="2.706" errors="0" timestamp="2024-12-31T15:00:34 IST" skipped="0">
  <testcase classname="testcases.AddCustomer" name="addCustomer" time="0.918"/>
  <testcase classname="testcases.AddCustomer" name="addCustomer" time="0.915"/>
  <testcase classname="testcases.AddCustomer" name="addCustomer" time="0.873"/>
</testsuite> <!-- testcases.AddCustomer -->
