<?xml version="1.0" encoding="UTF-8"?>
<!-- Generated by org.testng.reporters.JUnitReportReporter -->
<testsuite hostname="bhagyak" failures="0" tests="3" name="testcases.LoginFacebook" time="14.716" errors="0" timestamp="2024-12-29T17:27:24 IST" skipped="0">
  <testcase classname="testcases.LoginFacebook" name="doFBLogin" time="5.937"/>
  <testcase classname="testcases.LoginFacebook" name="doFBLogin" time="4.679"/>
  <testcase classname="testcases.LoginFacebook" name="doFBLogin" time="4.100"/>
</testsuite> <!-- testcases.LoginFacebook -->
