<?xml version="1.0" encoding="UTF-8"?>
<!-- Generated by org.testng.reporters.JUnitReportReporter -->
<testsuite hostname="bhagyak" failures="0" tests="2" name="testcases.UserRegistractionTest" time="8.289" errors="0" timestamp="2024-12-29T17:27:24 IST" skipped="0">
  <testcase classname="testcases.UserRegistractionTest" name="doUserReg" time="3.932"/>
  <testcase classname="testcases.UserRegistractionTest" name="doUserReg" time="4.357"/>
</testsuite> <!-- testcases.UserRegistractionTest -->
