<?xml version="1.0" encoding="UTF-8"?>
<!-- Generated by org.testng.reporters.JUnitReportReporter -->
<testsuite hostname="bhagyak" failures="0" tests="3" name="testcases.AddCustomer" time="1.588" errors="0" timestamp="2025-01-03T16:15:47 IST" skipped="0">
  <testcase classname="testcases.AddCustomer" name="addCustomer" time="0.449"/>
  <testcase classname="testcases.AddCustomer" name="addCustomer" time="0.463"/>
  <testcase classname="testcases.AddCustomer" name="addCustomer" time="0.676"/>
</testsuite> <!-- testcases.AddCustomer -->
